<?xml version="1.0" encoding="UTF-8"?>
<testsuite name="com.merakhata.app.AccountingEngineTest" tests="4" skipped="0" failures="0" errors="0" timestamp="2026-07-28T12:02:09" hostname="DINESH" time="0.097">
  <properties/>
  <testcase name="testParseToMinorUnits" classname="com.merakhata.app.AccountingEngineTest" time="0.06"/>
  <testcase name="testFormatCurrency" classname="com.merakhata.app.AccountingEngineTest" time="0.015"/>
  <testcase name="testCustomerLedgerCalculations" classname="com.merakhata.app.AccountingEngineTest" time="0.02"/>
  <testcase name="testDashboardSummaryCalculations" classname="com.merakhata.app.AccountingEngineTest" time="0.001"/>
  <system-out><![CDATA[]]></system-out>
  <system-err><![CDATA[]]></system-err>
</testsuite>
